<?xml version="1.0" encoding="UTF-8"?>
<testng-results skipped="0" failed="0" ignored="0" total="1" passed="1">
  <reporter-output>
  </reporter-output>
  <suite name="Default suite" duration-ms="17523" started-at="2018-07-17T06:52:00Z" finished-at="2018-07-17T06:52:18Z">
    <groups>
    </groups>
    <test name="Default test" duration-ms="17523" started-at="2018-07-17T06:52:00Z" finished-at="2018-07-17T06:52:18Z">
      <class name="seleniumwebdriver.NewTest1">
        <test-method status="PASS" signature="testlogin()[pri:0, instance:seleniumwebdriver.NewTest1@59fa1d9b]" name="testlogin" duration-ms="17486" started-at="2018-07-17T06:52:00Z" finished-at="2018-07-17T06:52:18Z">
          <reporter-output>
          </reporter-output>
        </test-method> <!-- testlogin -->
      </class> <!-- seleniumwebdriver.NewTest1 -->
    </test> <!-- Default test -->
  </suite> <!-- Default suite -->
</testng-results>
